I, [2014-08-29T17:36:27.796836 #6864]  INFO -- default-precise32: -----> Cleaning up any prior instances of <default-precise32>
I, [2014-08-29T17:36:27.797837 #6864]  INFO -- default-precise32: -----> Destroying <default-precise32>...
I, [2014-08-29T17:36:27.799837 #6864]  INFO -- default-precise32: Finished destroying <default-precise32> (0m0.00s).
I, [2014-08-29T17:36:27.801337 #6864]  INFO -- default-precise32: -----> Testing <default-precise32>
I, [2014-08-29T17:36:27.802837 #6864]  INFO -- default-precise32: -----> Creating <default-precise32>...
I, [2014-08-29T17:36:29.321530 #6864]  INFO -- default-precise32: Bringing machine 'default' up with 'virtualbox' provider...
I, [2014-08-29T17:36:29.863599 #6864]  INFO -- default-precise32: ==> default: Box 'opscode-precise32' could not be found. Attempting to find and install...
I, [2014-08-29T17:36:29.863599 #6864]  INFO -- default-precise32:     default: Box Provider: virtualbox
I, [2014-08-29T17:36:29.863599 #6864]  INFO -- default-precise32:     default: Box Version: >= 0
I, [2014-08-29T17:36:30.824221 #6864]  INFO -- default-precise32: ==> default: Adding box 'opscode-precise32' (v0) for provider: virtualbox
I, [2014-08-29T17:36:30.846724 #6864]  INFO -- default-precise32:     default: Downloading: https://opscode-vm-bento.s3.amazonaws.com/vagrant/virtualbox/opscode_precise32_chef-provisionerless.box
[K    default: Progress: 0% (Rate: 0/s, Estimated time remaining: --:--:--)I, [2014-08-29T17:36:31.522810 #6864]  INFO -- default-precise32: [K    default: Progress: 0% (Rate: 0/s, Estimated time remaining: --:--:--)[K    default: 
E, [2014-08-29T17:36:31.595319 #6864] ERROR -- default-precise32: Create failed on instance <default-precise32>.
E, [2014-08-29T17:36:31.595819 #6864] ERROR -- default-precise32: ------Exception-------
E, [2014-08-29T17:36:31.595819 #6864] ERROR -- default-precise32: Class: Kitchen::ShellOut::ShellCommandFailed
E, [2014-08-29T17:36:31.595819 #6864] ERROR -- default-precise32: Message: Expected process to exit with [0], but received '1'
---- Begin output of vagrant up --no-provision --provider=virtualbox ----
STDOUT: Bringing machine 'default' up with 'virtualbox' provider...
==> default: Box 'opscode-precise32' could not be found. Attempting to find and install...
    default: Box Provider: virtualbox
    default: Box Version: >= 0
==> default: Adding box 'opscode-precise32' (v0) for provider: virtualbox
    default: Downloading: https://opscode-vm-bento.s3.amazonaws.com/vagrant/virtualbox/opscode_precise32_chef-provisionerless.box
[K    default: Progress: 0% (Rate: 0/s, Estimated time remaining: --:--:--)[K    default: Progress: 0% (Rate: 0/s, Estimated time remaining: --:--:--)[K    default:
STDERR: An error occurred while downloading the remote file. The error
message, if any, is reproduced below. Please fix this error and try
again.

The requested URL returned error: 404 Not Found
---- End output of vagrant up --no-provision --provider=virtualbox ----
Ran vagrant up --no-provision --provider=virtualbox returned 1
E, [2014-08-29T17:36:31.595819 #6864] ERROR -- default-precise32: ---Nested Exception---
E, [2014-08-29T17:36:31.595819 #6864] ERROR -- default-precise32: Class: Mixlib::ShellOut::ShellCommandFailed
E, [2014-08-29T17:36:31.595819 #6864] ERROR -- default-precise32: Message: Expected process to exit with [0], but received '1'
---- Begin output of vagrant up --no-provision --provider=virtualbox ----
STDOUT: Bringing machine 'default' up with 'virtualbox' provider...
==> default: Box 'opscode-precise32' could not be found. Attempting to find and install...
    default: Box Provider: virtualbox
    default: Box Version: >= 0
==> default: Adding box 'opscode-precise32' (v0) for provider: virtualbox
    default: Downloading: https://opscode-vm-bento.s3.amazonaws.com/vagrant/virtualbox/opscode_precise32_chef-provisionerless.box
[K    default: Progress: 0% (Rate: 0/s, Estimated time remaining: --:--:--)[K    default: Progress: 0% (Rate: 0/s, Estimated time remaining: --:--:--)[K    default:
STDERR: An error occurred while downloading the remote file. The error
message, if any, is reproduced below. Please fix this error and try
again.

The requested URL returned error: 404 Not Found
---- End output of vagrant up --no-provision --provider=virtualbox ----
Ran vagrant up --no-provision --provider=virtualbox returned 1
E, [2014-08-29T17:36:31.595819 #6864] ERROR -- default-precise32: ------Backtrace-------
E, [2014-08-29T17:36:31.596319 #6864] ERROR -- default-precise32: C:/opscode/chefdk/embedded/lib/ruby/gems/2.0.0/gems/test-kitchen-1.2.1/lib/kitchen/shell_out.rb:70:in `rescue in run_command'
E, [2014-08-29T17:36:31.596319 #6864] ERROR -- default-precise32: C:/opscode/chefdk/embedded/lib/ruby/gems/2.0.0/gems/test-kitchen-1.2.1/lib/kitchen/shell_out.rb:59:in `run_command'
E, [2014-08-29T17:36:31.596319 #6864] ERROR -- default-precise32: C:/opscode/chefdk/embedded/lib/ruby/gems/2.0.0/gems/test-kitchen-1.2.1/lib/kitchen/driver/base.rb:158:in `run_command'
E, [2014-08-29T17:36:31.596319 #6864] ERROR -- default-precise32: C:/opscode/chefdk/embedded/lib/ruby/gems/2.0.0/gems/kitchen-vagrant-0.15.0/lib/kitchen/driver/vagrant.rb:123:in `run'
E, [2014-08-29T17:36:31.596319 #6864] ERROR -- default-precise32: C:/opscode/chefdk/embedded/lib/ruby/gems/2.0.0/gems/kitchen-vagrant-0.15.0/lib/kitchen/driver/vagrant.rb:68:in `create'
E, [2014-08-29T17:36:31.596319 #6864] ERROR -- default-precise32: C:/opscode/chefdk/embedded/lib/ruby/gems/2.0.0/gems/test-kitchen-1.2.1/lib/kitchen/instance.rb:273:in `public_send'
E, [2014-08-29T17:36:31.596319 #6864] ERROR -- default-precise32: C:/opscode/chefdk/embedded/lib/ruby/gems/2.0.0/gems/test-kitchen-1.2.1/lib/kitchen/instance.rb:273:in `block in perform_action'
E, [2014-08-29T17:36:31.596319 #6864] ERROR -- default-precise32: C:/opscode/chefdk/embedded/lib/ruby/gems/2.0.0/gems/test-kitchen-1.2.1/lib/kitchen/instance.rb:305:in `call'
E, [2014-08-29T17:36:31.596319 #6864] ERROR -- default-precise32: C:/opscode/chefdk/embedded/lib/ruby/gems/2.0.0/gems/test-kitchen-1.2.1/lib/kitchen/instance.rb:305:in `block in synchronize_or_call'
E, [2014-08-29T17:36:31.596319 #6864] ERROR -- default-precise32: C:/opscode/chefdk/embedded/lib/ruby/gems/2.0.0/gems/test-kitchen-1.2.1/lib/kitchen/instance.rb:303:in `synchronize'
E, [2014-08-29T17:36:31.596319 #6864] ERROR -- default-precise32: C:/opscode/chefdk/embedded/lib/ruby/gems/2.0.0/gems/test-kitchen-1.2.1/lib/kitchen/instance.rb:303:in `synchronize_or_call'
E, [2014-08-29T17:36:31.596319 #6864] ERROR -- default-precise32: C:/opscode/chefdk/embedded/lib/ruby/gems/2.0.0/gems/test-kitchen-1.2.1/lib/kitchen/instance.rb:283:in `block in action'
E, [2014-08-29T17:36:31.596819 #6864] ERROR -- default-precise32: C:/opscode/chefdk/embedded/lib/ruby/2.0.0/benchmark.rb:281:in `measure'
E, [2014-08-29T17:36:31.596819 #6864] ERROR -- default-precise32: C:/opscode/chefdk/embedded/lib/ruby/gems/2.0.0/gems/test-kitchen-1.2.1/lib/kitchen/instance.rb:282:in `action'
E, [2014-08-29T17:36:31.596819 #6864] ERROR -- default-precise32: C:/opscode/chefdk/embedded/lib/ruby/gems/2.0.0/gems/test-kitchen-1.2.1/lib/kitchen/instance.rb:273:in `perform_action'
E, [2014-08-29T17:36:31.596819 #6864] ERROR -- default-precise32: C:/opscode/chefdk/embedded/lib/ruby/gems/2.0.0/gems/test-kitchen-1.2.1/lib/kitchen/instance.rb:252:in `create_action'
E, [2014-08-29T17:36:31.596819 #6864] ERROR -- default-precise32: C:/opscode/chefdk/embedded/lib/ruby/gems/2.0.0/gems/test-kitchen-1.2.1/lib/kitchen/instance.rb:246:in `block in transition_to'
E, [2014-08-29T17:36:31.596819 #6864] ERROR -- default-precise32: C:/opscode/chefdk/embedded/lib/ruby/gems/2.0.0/gems/test-kitchen-1.2.1/lib/kitchen/instance.rb:245:in `each'
E, [2014-08-29T17:36:31.596819 #6864] ERROR -- default-precise32: C:/opscode/chefdk/embedded/lib/ruby/gems/2.0.0/gems/test-kitchen-1.2.1/lib/kitchen/instance.rb:245:in `transition_to'
E, [2014-08-29T17:36:31.596819 #6864] ERROR -- default-precise32: C:/opscode/chefdk/embedded/lib/ruby/gems/2.0.0/gems/test-kitchen-1.2.1/lib/kitchen/instance.rb:141:in `verify'
E, [2014-08-29T17:36:31.596819 #6864] ERROR -- default-precise32: C:/opscode/chefdk/embedded/lib/ruby/gems/2.0.0/gems/test-kitchen-1.2.1/lib/kitchen/instance.rb:170:in `block in test'
E, [2014-08-29T17:36:31.596819 #6864] ERROR -- default-precise32: C:/opscode/chefdk/embedded/lib/ruby/2.0.0/benchmark.rb:281:in `measure'
E, [2014-08-29T17:36:31.596819 #6864] ERROR -- default-precise32: C:/opscode/chefdk/embedded/lib/ruby/gems/2.0.0/gems/test-kitchen-1.2.1/lib/kitchen/instance.rb:166:in `test'
E, [2014-08-29T17:36:31.597319 #6864] ERROR -- default-precise32: C:/opscode/chefdk/embedded/lib/ruby/gems/2.0.0/gems/test-kitchen-1.2.1/lib/kitchen/command.rb:109:in `public_send'
E, [2014-08-29T17:36:31.597319 #6864] ERROR -- default-precise32: C:/opscode/chefdk/embedded/lib/ruby/gems/2.0.0/gems/test-kitchen-1.2.1/lib/kitchen/command.rb:109:in `block (2 levels) in run_action'
E, [2014-08-29T17:36:31.597319 #6864] ERROR -- default-precise32: ----------------------
