I, [2014-08-29T17:03:36.722757 #5620]  INFO -- Kitchen: -----> Starting Kitchen (v1.2.1)
E, [2014-08-29T17:03:36.740758 #5620] ERROR -- Kitchen: ------Exception-------
E, [2014-08-29T17:03:36.741759 #5620] ERROR -- Kitchen: Class: Kitchen::UserError
E, [2014-08-29T17:03:36.742759 #5620] ERROR -- Kitchen: Message: Error parsing C:/chef-repo/cookbooks/nmap/.kitchen.yml as YAML.
Please run `kitchen diagnose --no-instances --loader' to help debug your issue.
E, [2014-08-29T17:03:36.742759 #5620] ERROR -- Kitchen: ---Nested Exception---
E, [2014-08-29T17:03:36.742759 #5620] ERROR -- Kitchen: Class: Psych::SyntaxError
E, [2014-08-29T17:03:36.742759 #5620] ERROR -- Kitchen: Message: (<unknown>): mapping values are not allowed in this context at line 12 column 13
E, [2014-08-29T17:03:36.742759 #5620] ERROR -- Kitchen: ------Backtrace-------
E, [2014-08-29T17:03:36.742759 #5620] ERROR -- Kitchen: C:/opscode/chefdk/embedded/lib/ruby/gems/2.0.0/gems/test-kitchen-1.2.1/lib/kitchen/loader/yaml.rb:211:in `rescue in parse_yaml_string'
E, [2014-08-29T17:03:36.742759 #5620] ERROR -- Kitchen: C:/opscode/chefdk/embedded/lib/ruby/gems/2.0.0/gems/test-kitchen-1.2.1/lib/kitchen/loader/yaml.rb:200:in `parse_yaml_string'
E, [2014-08-29T17:03:36.742759 #5620] ERROR -- Kitchen: C:/opscode/chefdk/embedded/lib/ruby/gems/2.0.0/gems/test-kitchen-1.2.1/lib/kitchen/loader/yaml.rb:113:in `yaml'
E, [2014-08-29T17:03:36.742759 #5620] ERROR -- Kitchen: C:/opscode/chefdk/embedded/lib/ruby/gems/2.0.0/gems/test-kitchen-1.2.1/lib/kitchen/loader/yaml.rb:105:in `combined_hash'
E, [2014-08-29T17:03:36.742759 #5620] ERROR -- Kitchen: C:/opscode/chefdk/embedded/lib/ruby/gems/2.0.0/gems/test-kitchen-1.2.1/lib/kitchen/loader/yaml.rb:77:in `read'
E, [2014-08-29T17:03:36.742759 #5620] ERROR -- Kitchen: C:/opscode/chefdk/embedded/lib/ruby/gems/2.0.0/gems/test-kitchen-1.2.1/lib/kitchen/config.rb:78:in `data'
E, [2014-08-29T17:03:36.742759 #5620] ERROR -- Kitchen: C:/opscode/chefdk/embedded/lib/ruby/gems/2.0.0/gems/test-kitchen-1.2.1/lib/kitchen/config.rb:66:in `suites'
E, [2014-08-29T17:03:36.742759 #5620] ERROR -- Kitchen: C:/opscode/chefdk/embedded/lib/ruby/gems/2.0.0/gems/test-kitchen-1.2.1/lib/kitchen/config.rb:90:in `filter_instances'
E, [2014-08-29T17:03:36.742759 #5620] ERROR -- Kitchen: C:/opscode/chefdk/embedded/lib/ruby/gems/2.0.0/gems/test-kitchen-1.2.1/lib/kitchen/config.rb:72:in `build_instances'
E, [2014-08-29T17:03:36.743759 #5620] ERROR -- Kitchen: C:/opscode/chefdk/embedded/lib/ruby/gems/2.0.0/gems/test-kitchen-1.2.1/lib/kitchen/config.rb:52:in `instances'
E, [2014-08-29T17:03:36.743759 #5620] ERROR -- Kitchen: C:/opscode/chefdk/embedded/lib/ruby/gems/2.0.0/gems/test-kitchen-1.2.1/lib/kitchen/command.rb:64:in `get_filtered_instances'
E, [2014-08-29T17:03:36.743759 #5620] ERROR -- Kitchen: C:/opscode/chefdk/embedded/lib/ruby/gems/2.0.0/gems/test-kitchen-1.2.1/lib/kitchen/command.rb:85:in `parse_subcommand'
E, [2014-08-29T17:03:36.743759 #5620] ERROR -- Kitchen: C:/opscode/chefdk/embedded/lib/ruby/gems/2.0.0/gems/test-kitchen-1.2.1/lib/kitchen/command/test.rb:42:in `block in call'
E, [2014-08-29T17:03:36.743759 #5620] ERROR -- Kitchen: C:/opscode/chefdk/embedded/lib/ruby/2.0.0/benchmark.rb:281:in `measure'
E, [2014-08-29T17:03:36.743759 #5620] ERROR -- Kitchen: C:/opscode/chefdk/embedded/lib/ruby/gems/2.0.0/gems/test-kitchen-1.2.1/lib/kitchen/command/test.rb:40:in `call'
E, [2014-08-29T17:03:36.743759 #5620] ERROR -- Kitchen: C:/opscode/chefdk/embedded/lib/ruby/gems/2.0.0/gems/test-kitchen-1.2.1/lib/kitchen/cli.rb:47:in `perform'
E, [2014-08-29T17:03:36.743759 #5620] ERROR -- Kitchen: C:/opscode/chefdk/embedded/lib/ruby/gems/2.0.0/gems/test-kitchen-1.2.1/lib/kitchen/cli.rb:153:in `test'
E, [2014-08-29T17:03:36.743759 #5620] ERROR -- Kitchen: C:/opscode/chefdk/embedded/lib/ruby/gems/2.0.0/gems/thor-0.19.1/lib/thor/command.rb:27:in `run'
E, [2014-08-29T17:03:36.743759 #5620] ERROR -- Kitchen: C:/opscode/chefdk/embedded/lib/ruby/gems/2.0.0/gems/thor-0.19.1/lib/thor/invocation.rb:126:in `invoke_command'
E, [2014-08-29T17:03:36.743759 #5620] ERROR -- Kitchen: C:/opscode/chefdk/embedded/lib/ruby/gems/2.0.0/gems/test-kitchen-1.2.1/lib/kitchen/cli.rb:233:in `invoke_task'
E, [2014-08-29T17:03:36.743759 #5620] ERROR -- Kitchen: C:/opscode/chefdk/embedded/lib/ruby/gems/2.0.0/gems/thor-0.19.1/lib/thor.rb:359:in `dispatch'
E, [2014-08-29T17:03:36.743759 #5620] ERROR -- Kitchen: C:/opscode/chefdk/embedded/lib/ruby/gems/2.0.0/gems/thor-0.19.1/lib/thor/base.rb:440:in `start'
E, [2014-08-29T17:03:36.743759 #5620] ERROR -- Kitchen: C:/opscode/chefdk/embedded/lib/ruby/gems/2.0.0/gems/test-kitchen-1.2.1/bin/kitchen:13:in `block in <top (required)>'
E, [2014-08-29T17:03:36.743759 #5620] ERROR -- Kitchen: C:/opscode/chefdk/embedded/lib/ruby/gems/2.0.0/gems/test-kitchen-1.2.1/lib/kitchen/errors.rb:81:in `with_friendly_errors'
E, [2014-08-29T17:03:36.743759 #5620] ERROR -- Kitchen: C:/opscode/chefdk/embedded/lib/ruby/gems/2.0.0/gems/test-kitchen-1.2.1/bin/kitchen:13:in `<top (required)>'
E, [2014-08-29T17:03:36.743759 #5620] ERROR -- Kitchen: C:/opscode/chefdk/embedded/lib/ruby/gems/2.0.0/bin/kitchen:23:in `load'
E, [2014-08-29T17:03:36.743759 #5620] ERROR -- Kitchen: C:/opscode/chefdk/embedded/lib/ruby/gems/2.0.0/bin/kitchen:23:in `<main>'
E, [2014-08-29T17:03:36.743759 #5620] ERROR -- Kitchen: ----------------------
I, [2014-08-29T17:07:14.834233 #5132]  INFO -- Kitchen: -----> Starting Kitchen (v1.2.1)
I, [2014-08-29T17:08:52.477818 #5992]  INFO -- Kitchen: -----> Starting Kitchen (v1.2.1)
I, [2014-08-29T17:09:28.636886 #2488]  INFO -- Kitchen: -----> Starting Kitchen (v1.2.1)
I, [2014-08-29T17:09:30.361984 #2488]  INFO -- Kitchen: -----> Cleaning up any prior instances of <default-ubuntu-1204>
I, [2014-08-29T17:09:30.364985 #2488]  INFO -- Kitchen: -----> Destroying <default-ubuntu-1204>...
I, [2014-08-29T17:09:30.372985 #2488]  INFO -- Kitchen: -----> Testing <default-ubuntu-1204>
I, [2014-08-29T17:09:30.374985 #2488]  INFO -- Kitchen: -----> Creating <default-ubuntu-1204>...
I, [2014-08-29T17:15:39.855368 #2488]  INFO -- Kitchen: -----> Converging <default-ubuntu-1204>...
E, [2014-08-29T17:16:37.519190 #2488] ERROR -- Kitchen: Converge failed on instance <default-ubuntu-1204>.
I, [2014-08-29T17:36:27.280271 #6864]  INFO -- Kitchen: -----> Starting Kitchen (v1.2.1)
I, [2014-08-29T17:36:27.796836 #6864]  INFO -- Kitchen: -----> Cleaning up any prior instances of <default-precise32>
I, [2014-08-29T17:36:27.797337 #6864]  INFO -- Kitchen: -----> Destroying <default-precise32>...
I, [2014-08-29T17:36:27.800837 #6864]  INFO -- Kitchen: -----> Testing <default-precise32>
I, [2014-08-29T17:36:27.802837 #6864]  INFO -- Kitchen: -----> Creating <default-precise32>...
E, [2014-08-29T17:36:31.614821 #6864] ERROR -- Kitchen: ------Exception-------
E, [2014-08-29T17:36:31.616822 #6864] ERROR -- Kitchen: Class: Kitchen::ActionFailed
E, [2014-08-29T17:36:31.616822 #6864] ERROR -- Kitchen: Message: Failed to complete #create action: [Expected process to exit with [0], but received '1'
---- Begin output of vagrant up --no-provision --provider=virtualbox ----
STDOUT: Bringing machine 'default' up with 'virtualbox' provider...
==> default: Box 'opscode-precise32' could not be found. Attempting to find and install...
    default: Box Provider: virtualbox
    default: Box Version: >= 0
==> default: Adding box 'opscode-precise32' (v0) for provider: virtualbox
    default: Downloading: https://opscode-vm-bento.s3.amazonaws.com/vagrant/virtualbox/opscode_precise32_chef-provisionerless.box
[K    default: Progress: 0% (Rate: 0/s, Estimated time remaining: --:--:--)[K    default: Progress: 0% (Rate: 0/s, Estimated time remaining: --:--:--)[K    default:
STDERR: An error occurred while downloading the remote file. The error
message, if any, is reproduced below. Please fix this error and try
again.

The requested URL returned error: 404 Not Found
---- End output of vagrant up --no-provision --provider=virtualbox ----
Ran vagrant up --no-provision --provider=virtualbox returned 1]
E, [2014-08-29T17:36:31.616822 #6864] ERROR -- Kitchen: ---Nested Exception---
E, [2014-08-29T17:36:31.616822 #6864] ERROR -- Kitchen: Class: Kitchen::ShellOut::ShellCommandFailed
E, [2014-08-29T17:36:31.616822 #6864] ERROR -- Kitchen: Message: Expected process to exit with [0], but received '1'
---- Begin output of vagrant up --no-provision --provider=virtualbox ----
STDOUT: Bringing machine 'default' up with 'virtualbox' provider...
==> default: Box 'opscode-precise32' could not be found. Attempting to find and install...
    default: Box Provider: virtualbox
    default: Box Version: >= 0
==> default: Adding box 'opscode-precise32' (v0) for provider: virtualbox
    default: Downloading: https://opscode-vm-bento.s3.amazonaws.com/vagrant/virtualbox/opscode_precise32_chef-provisionerless.box
[K    default: Progress: 0% (Rate: 0/s, Estimated time remaining: --:--:--)[K    default: Progress: 0% (Rate: 0/s, Estimated time remaining: --:--:--)[K    default:
STDERR: An error occurred while downloading the remote file. The error
message, if any, is reproduced below. Please fix this error and try
again.

The requested URL returned error: 404 Not Found
---- End output of vagrant up --no-provision --provider=virtualbox ----
Ran vagrant up --no-provision --provider=virtualbox returned 1
E, [2014-08-29T17:36:31.617322 #6864] ERROR -- Kitchen: ------Backtrace-------
E, [2014-08-29T17:36:31.617322 #6864] ERROR -- Kitchen: C:/opscode/chefdk/embedded/lib/ruby/gems/2.0.0/gems/test-kitchen-1.2.1/lib/kitchen/shell_out.rb:70:in `rescue in run_command'
E, [2014-08-29T17:36:31.617322 #6864] ERROR -- Kitchen: C:/opscode/chefdk/embedded/lib/ruby/gems/2.0.0/gems/test-kitchen-1.2.1/lib/kitchen/shell_out.rb:59:in `run_command'
E, [2014-08-29T17:36:31.617322 #6864] ERROR -- Kitchen: C:/opscode/chefdk/embedded/lib/ruby/gems/2.0.0/gems/test-kitchen-1.2.1/lib/kitchen/driver/base.rb:158:in `run_command'
E, [2014-08-29T17:36:31.617322 #6864] ERROR -- Kitchen: C:/opscode/chefdk/embedded/lib/ruby/gems/2.0.0/gems/kitchen-vagrant-0.15.0/lib/kitchen/driver/vagrant.rb:123:in `run'
E, [2014-08-29T17:36:31.617322 #6864] ERROR -- Kitchen: C:/opscode/chefdk/embedded/lib/ruby/gems/2.0.0/gems/kitchen-vagrant-0.15.0/lib/kitchen/driver/vagrant.rb:68:in `create'
E, [2014-08-29T17:36:31.617322 #6864] ERROR -- Kitchen: C:/opscode/chefdk/embedded/lib/ruby/gems/2.0.0/gems/test-kitchen-1.2.1/lib/kitchen/instance.rb:273:in `public_send'
E, [2014-08-29T17:36:31.617322 #6864] ERROR -- Kitchen: C:/opscode/chefdk/embedded/lib/ruby/gems/2.0.0/gems/test-kitchen-1.2.1/lib/kitchen/instance.rb:273:in `block in perform_action'
E, [2014-08-29T17:36:31.617322 #6864] ERROR -- Kitchen: C:/opscode/chefdk/embedded/lib/ruby/gems/2.0.0/gems/test-kitchen-1.2.1/lib/kitchen/instance.rb:305:in `call'
E, [2014-08-29T17:36:31.617322 #6864] ERROR -- Kitchen: C:/opscode/chefdk/embedded/lib/ruby/gems/2.0.0/gems/test-kitchen-1.2.1/lib/kitchen/instance.rb:305:in `block in synchronize_or_call'
E, [2014-08-29T17:36:31.617322 #6864] ERROR -- Kitchen: C:/opscode/chefdk/embedded/lib/ruby/gems/2.0.0/gems/test-kitchen-1.2.1/lib/kitchen/instance.rb:303:in `synchronize'
E, [2014-08-29T17:36:31.617322 #6864] ERROR -- Kitchen: C:/opscode/chefdk/embedded/lib/ruby/gems/2.0.0/gems/test-kitchen-1.2.1/lib/kitchen/instance.rb:303:in `synchronize_or_call'
E, [2014-08-29T17:36:31.617322 #6864] ERROR -- Kitchen: C:/opscode/chefdk/embedded/lib/ruby/gems/2.0.0/gems/test-kitchen-1.2.1/lib/kitchen/instance.rb:283:in `block in action'
E, [2014-08-29T17:36:31.617322 #6864] ERROR -- Kitchen: C:/opscode/chefdk/embedded/lib/ruby/2.0.0/benchmark.rb:281:in `measure'
E, [2014-08-29T17:36:31.617822 #6864] ERROR -- Kitchen: C:/opscode/chefdk/embedded/lib/ruby/gems/2.0.0/gems/test-kitchen-1.2.1/lib/kitchen/instance.rb:282:in `action'
E, [2014-08-29T17:36:31.617822 #6864] ERROR -- Kitchen: C:/opscode/chefdk/embedded/lib/ruby/gems/2.0.0/gems/test-kitchen-1.2.1/lib/kitchen/instance.rb:273:in `perform_action'
E, [2014-08-29T17:36:31.617822 #6864] ERROR -- Kitchen: C:/opscode/chefdk/embedded/lib/ruby/gems/2.0.0/gems/test-kitchen-1.2.1/lib/kitchen/instance.rb:252:in `create_action'
E, [2014-08-29T17:36:31.617822 #6864] ERROR -- Kitchen: C:/opscode/chefdk/embedded/lib/ruby/gems/2.0.0/gems/test-kitchen-1.2.1/lib/kitchen/instance.rb:246:in `block in transition_to'
E, [2014-08-29T17:36:31.617822 #6864] ERROR -- Kitchen: C:/opscode/chefdk/embedded/lib/ruby/gems/2.0.0/gems/test-kitchen-1.2.1/lib/kitchen/instance.rb:245:in `each'
E, [2014-08-29T17:36:31.617822 #6864] ERROR -- Kitchen: C:/opscode/chefdk/embedded/lib/ruby/gems/2.0.0/gems/test-kitchen-1.2.1/lib/kitchen/instance.rb:245:in `transition_to'
E, [2014-08-29T17:36:31.617822 #6864] ERROR -- Kitchen: C:/opscode/chefdk/embedded/lib/ruby/gems/2.0.0/gems/test-kitchen-1.2.1/lib/kitchen/instance.rb:141:in `verify'
E, [2014-08-29T17:36:31.617822 #6864] ERROR -- Kitchen: C:/opscode/chefdk/embedded/lib/ruby/gems/2.0.0/gems/test-kitchen-1.2.1/lib/kitchen/instance.rb:170:in `block in test'
E, [2014-08-29T17:36:31.617822 #6864] ERROR -- Kitchen: C:/opscode/chefdk/embedded/lib/ruby/2.0.0/benchmark.rb:281:in `measure'
E, [2014-08-29T17:36:31.617822 #6864] ERROR -- Kitchen: C:/opscode/chefdk/embedded/lib/ruby/gems/2.0.0/gems/test-kitchen-1.2.1/lib/kitchen/instance.rb:166:in `test'
E, [2014-08-29T17:36:31.617822 #6864] ERROR -- Kitchen: C:/opscode/chefdk/embedded/lib/ruby/gems/2.0.0/gems/test-kitchen-1.2.1/lib/kitchen/command.rb:109:in `public_send'
E, [2014-08-29T17:36:31.617822 #6864] ERROR -- Kitchen: C:/opscode/chefdk/embedded/lib/ruby/gems/2.0.0/gems/test-kitchen-1.2.1/lib/kitchen/command.rb:109:in `block (2 levels) in run_action'
E, [2014-08-29T17:36:31.617822 #6864] ERROR -- Kitchen: ----------------------
I, [2014-08-29T17:37:44.521079 #6116]  INFO -- Kitchen: -----> Starting Kitchen (v1.2.1)
I, [2014-08-29T17:37:44.953134 #6116]  INFO -- Kitchen: -----> Cleaning up any prior instances of <default-ubuntu-1204>
I, [2014-08-29T17:37:44.954634 #6116]  INFO -- Kitchen: -----> Destroying <default-ubuntu-1204>...
I, [2014-08-29T17:37:50.376704 #6116]  INFO -- Kitchen: -----> Testing <default-ubuntu-1204>
I, [2014-08-29T17:37:50.378704 #6116]  INFO -- Kitchen: -----> Creating <default-ubuntu-1204>...
I, [2014-08-29T17:38:40.557672 #6116]  INFO -- Kitchen: -----> Converging <default-ubuntu-1204>...
I, [2014-08-29T17:41:09.734115 #6116]  INFO -- Kitchen: -----> Setting up <default-ubuntu-1204>...
I, [2014-08-29T17:42:03.727471 #6116]  INFO -- Kitchen: -----> Verifying <default-ubuntu-1204>...
I, [2014-08-29T17:42:04.802108 #6116]  INFO -- Kitchen: -----> Destroying <default-ubuntu-1204>...
I, [2014-08-29T17:42:10.290186 #6116]  INFO -- Kitchen: -----> Kitchen is finished. (4m25.77s)
I, [2014-08-29T18:07:04.215634 #1068]  INFO -- Kitchen: -----> Cleaning up any prior instances of <default-ubuntu-1204>
I, [2014-08-29T18:07:04.217634 #1068]  INFO -- Kitchen: -----> Destroying <default-ubuntu-1204>...
I, [2014-08-29T18:07:04.221634 #1068]  INFO -- Kitchen: -----> Testing <default-ubuntu-1204>
I, [2014-08-29T18:07:04.223634 #1068]  INFO -- Kitchen: -----> Creating <default-ubuntu-1204>...
I, [2014-08-29T18:07:55.321156 #1068]  INFO -- Kitchen: -----> Converging <default-ubuntu-1204>...
I, [2014-08-29T18:08:48.398396 #1068]  INFO -- Kitchen: -----> Setting up <default-ubuntu-1204>...
I, [2014-08-29T18:09:29.470611 #1068]  INFO -- Kitchen: -----> Verifying <default-ubuntu-1204>...
I, [2014-08-29T18:09:30.534746 #1068]  INFO -- Kitchen: -----> Destroying <default-ubuntu-1204>...
